0 info it worked if it ends with ok
1 verbose cli [ '/usr/bin/node', '/usr/bin/npm', 'install', '-g', 'typescript' ]
2 info using npm@1.4.28
3 info using node@v0.10.35
4 verbose node symlink /usr/bin/node
5 verbose cache add [ 'typescript', null ]
6 verbose cache add name=undefined spec="typescript" args=["typescript",null]
7 verbose parsed url { protocol: null,
7 verbose parsed url   slashes: null,
7 verbose parsed url   auth: null,
7 verbose parsed url   host: null,
7 verbose parsed url   port: null,
7 verbose parsed url   hostname: null,
7 verbose parsed url   hash: null,
7 verbose parsed url   search: null,
7 verbose parsed url   query: null,
7 verbose parsed url   pathname: 'typescript',
7 verbose parsed url   path: 'typescript',
7 verbose parsed url   href: 'typescript' }
8 silly lockFile fb9da861-typescript typescript
9 verbose lock typescript /home/atj/.npm/fb9da861-typescript.lock
10 silly lockFile fb9da861-typescript typescript
11 silly lockFile fb9da861-typescript typescript
12 verbose addNamed [ 'typescript', '' ]
13 verbose addNamed [ null, '*' ]
14 silly lockFile b598c0ef-typescript typescript@
15 verbose lock typescript@ /home/atj/.npm/b598c0ef-typescript.lock
16 silly addNameRange { name: 'typescript', range: '*', hasData: false }
17 verbose request where is /typescript
18 verbose request registry https://registry.npmjs.org/
19 verbose request id afebd8d2abdca2f8
20 verbose url raw /typescript
21 verbose url resolving [ 'https://registry.npmjs.org/', './typescript' ]
22 verbose url resolved https://registry.npmjs.org/typescript
23 verbose request where is https://registry.npmjs.org/typescript
24 info trying registry request attempt 1 at 23:30:18
25 http GET https://registry.npmjs.org/typescript
26 http 200 https://registry.npmjs.org/typescript
27 silly registry.get cb [ 200,
27 silly registry.get   { date: 'Thu, 22 Jan 2015 23:30:23 GMT',
27 silly registry.get     server: 'CouchDB/1.5.0 (Erlang OTP/R14B04)',
27 silly registry.get     etag: '"3YRGFS2C544KUP6L7E7HJ2CAN"',
27 silly registry.get     'content-type': 'application/json',
27 silly registry.get     'cache-control': 'max-age=60',
27 silly registry.get     'content-length': '22765',
27 silly registry.get     'accept-ranges': 'bytes',
27 silly registry.get     via: '1.1 varnish',
27 silly registry.get     age: '0',
27 silly registry.get     'x-served-by': 'cache-lcy1129-LCY',
27 silly registry.get     'x-cache': 'HIT',
27 silly registry.get     'x-cache-hits': '1',
27 silly registry.get     'x-timer': 'S1421969422.953807,VS0,VE156',
27 silly registry.get     vary: 'Accept',
27 silly registry.get     'keep-alive': 'timeout=10, max=50',
27 silly registry.get     connection: 'Keep-Alive' } ]
28 silly addNameRange number 2 { name: 'typescript', range: '*', hasData: true }
29 silly addNameRange versions [ 'typescript',
29 silly addNameRange   [ '0.8.0',
29 silly addNameRange     '0.8.1',
29 silly addNameRange     '0.8.1-1',
29 silly addNameRange     '0.8.2',
29 silly addNameRange     '0.8.3',
29 silly addNameRange     '0.9.0',
29 silly addNameRange     '0.9.0-1',
29 silly addNameRange     '0.9.1',
29 silly addNameRange     '0.9.1-1',
29 silly addNameRange     '0.9.5',
29 silly addNameRange     '0.9.7',
29 silly addNameRange     '1.0.0',
29 silly addNameRange     '1.0.1',
29 silly addNameRange     '1.1.0-1',
29 silly addNameRange     '1.3.0',
29 silly addNameRange     '1.4.1' ] ]
30 verbose addNamed [ 'typescript', '1.4.1' ]
31 verbose addNamed [ '1.4.1', '1.4.1' ]
32 silly lockFile ed0e72e1-typescript-1-4-1 typescript@1.4.1
33 verbose lock typescript@1.4.1 /home/atj/.npm/ed0e72e1-typescript-1-4-1.lock
34 silly lockFile 185d28ef--typescript-typescript-1-4-1-tgz https://registry.npmjs.org/typescript/-/typescript-1.4.1.tgz
35 verbose lock https://registry.npmjs.org/typescript/-/typescript-1.4.1.tgz /home/atj/.npm/185d28ef--typescript-typescript-1-4-1-tgz.lock
36 verbose addRemoteTarball [ 'https://registry.npmjs.org/typescript/-/typescript-1.4.1.tgz',
36 verbose addRemoteTarball   'eb4da986d1b7f01452eafb57559e0cc8f516cd48' ]
37 info retry fetch attempt 1 at 23:30:24
38 verbose fetch to= /tmp/npm-28143-o-lr3Jz5/registry.npmjs.org/typescript/-/typescript-1.4.1.tgz
39 http GET https://registry.npmjs.org/typescript/-/typescript-1.4.1.tgz
40 http 200 https://registry.npmjs.org/typescript/-/typescript-1.4.1.tgz
41 silly lockFile 185d28ef--typescript-typescript-1-4-1-tgz https://registry.npmjs.org/typescript/-/typescript-1.4.1.tgz
42 silly lockFile 185d28ef--typescript-typescript-1-4-1-tgz https://registry.npmjs.org/typescript/-/typescript-1.4.1.tgz
43 silly lockFile ed0e72e1-typescript-1-4-1 typescript@1.4.1
44 silly lockFile ed0e72e1-typescript-1-4-1 typescript@1.4.1
45 silly lockFile b598c0ef-typescript typescript@
46 silly lockFile b598c0ef-typescript typescript@
47 silly resolved [ { name: 'typescript',
47 silly resolved     author: { name: 'Microsoft Corp.' },
47 silly resolved     homepage: 'http://typescriptlang.org/',
47 silly resolved     version: '1.4.1',
47 silly resolved     licenses: [ [Object] ],
47 silly resolved     description: 'TypeScript is a language for application scale JavaScript development',
47 silly resolved     keywords: [ 'TypeScript', 'Microsoft', 'compiler', 'language', 'javascript' ],
47 silly resolved     bugs: { url: 'https://github.com/Microsoft/TypeScript/issues' },
47 silly resolved     repository:
47 silly resolved      { type: 'git',
47 silly resolved        url: 'https://github.com/Microsoft/TypeScript.git' },
47 silly resolved     preferGlobal: true,
47 silly resolved     main: './bin/typescriptServices.js',
47 silly resolved     bin: { tsc: './bin/tsc' },
47 silly resolved     engines: { node: '>=0.8.0' },
47 silly resolved     devDependencies:
47 silly resolved      { jake: 'latest',
47 silly resolved        mocha: 'latest',
47 silly resolved        chai: 'latest',
47 silly resolved        browserify: 'latest',
47 silly resolved        istanbul: 'latest',
47 silly resolved        'codeclimate-test-reporter': 'latest' },
47 silly resolved     scripts: { test: 'jake generate-code-coverage' },
47 silly resolved     gitHead: '3ab3f916c00755a1d9937f7116d1e9a80ddf2ef3',
47 silly resolved     _id: 'typescript@1.4.1',
47 silly resolved     _shasum: 'eb4da986d1b7f01452eafb57559e0cc8f516cd48',
47 silly resolved     _from: 'typescript@',
47 silly resolved     _npmVersion: '1.4.28',
47 silly resolved     _npmUser: { name: 'typescript', email: 'typescript@microsoft.com' },
47 silly resolved     maintainers: [ [Object] ],
47 silly resolved     dist:
47 silly resolved      { shasum: 'eb4da986d1b7f01452eafb57559e0cc8f516cd48',
47 silly resolved        tarball: 'http://registry.npmjs.org/typescript/-/typescript-1.4.1.tgz' },
47 silly resolved     directories: {},
47 silly resolved     _resolved: 'https://registry.npmjs.org/typescript/-/typescript-1.4.1.tgz' } ]
48 info install typescript@1.4.1 into /usr/lib
49 info installOne typescript@1.4.1
50 verbose lib/node_modules/typescript unbuild
51 verbose tar unpack /home/atj/.npm/typescript/1.4.1/package.tgz
52 silly lockFile 087e9b07--usr-lib-node-modules-typescript tar:///usr/lib/node_modules/typescript
53 verbose lock tar:///usr/lib/node_modules/typescript /home/atj/.npm/087e9b07--usr-lib-node-modules-typescript.lock
54 silly lockFile c788d9d5-npm-typescript-1-4-1-package-tgz tar:///home/atj/.npm/typescript/1.4.1/package.tgz
55 verbose lock tar:///home/atj/.npm/typescript/1.4.1/package.tgz /home/atj/.npm/c788d9d5-npm-typescript-1-4-1-package-tgz.lock
56 silly gunzTarPerm modes [ '775', '664' ]
57 error Error: EACCES, mkdir '/usr/lib/node_modules/typescript'
57 error  { [Error: EACCES, mkdir '/usr/lib/node_modules/typescript']
57 error   errno: 3,
57 error   code: 'EACCES',
57 error   path: '/usr/lib/node_modules/typescript',
57 error   fstream_type: 'Directory',
57 error   fstream_path: '/usr/lib/node_modules/typescript',
57 error   fstream_class: 'DirWriter',
57 error   fstream_stack:
57 error    [ '/usr/lib/node_modules/npm/node_modules/fstream/lib/dir-writer.js:36:23',
57 error      '/usr/lib/node_modules/npm/node_modules/mkdirp/index.js:46:53',
57 error      'Object.oncomplete (fs.js:108:15)' ] }
58 error Please try running this command again as root/Administrator.
59 error System Linux 3.13.0-44-generic
60 error command "/usr/bin/node" "/usr/bin/npm" "install" "-g" "typescript"
61 error cwd /home/atj/playground/web/TypeScript-TODO/assets/js
62 error node -v v0.10.35
63 error npm -v 1.4.28
64 error path /usr/lib/node_modules/typescript
65 error fstream_path /usr/lib/node_modules/typescript
66 error fstream_type Directory
67 error fstream_class DirWriter
68 error code EACCES
69 error errno 3
70 error stack Error: EACCES, mkdir '/usr/lib/node_modules/typescript'
71 error fstream_stack /usr/lib/node_modules/npm/node_modules/fstream/lib/dir-writer.js:36:23
71 error fstream_stack /usr/lib/node_modules/npm/node_modules/mkdirp/index.js:46:53
71 error fstream_stack Object.oncomplete (fs.js:108:15)
72 verbose exit [ 3, true ]
